Quiz accessed: あなたのジャイアン度は？, Category: 自己分析, Time: 2024-05-07 10:20:25.422352+00:00
Quiz accessed: 散歩しているときに見つけたものは？, Category: 対人関係, Time: 2024-05-07 10:20:28.686095+00:00
Quiz accessed: あなたのサイコパス度は？, Category: 社会生活, Time: 2024-05-07 10:20:32.286030+00:00
Quiz accessed: 散歩しているときに見つけたものは？, Category: 対人関係, Time: 2024-05-07 11:43:45.799418+00:00
Quiz accessed: 散歩しているときに見つけたものは？, Category: 対人関係, Time: 2024-05-07 11:44:15.822055+00:00
Quiz accessed: あなたのジャイアン度は？, Category: 自己分析, Time: 2024-05-07 11:44:20.676264+00:00
Quiz accessed: 散歩しているときに見つけたものは？, Category: 対人関係, Time: 2024-05-07 11:44:25.706978+00:00
Quiz accessed: あなたのジャイアン度は？, Category: 自己分析, Time: 2024-05-07 11:44:45.467542+00:00
Quiz accessed: 散歩しているときに見つけたものは？, Category: 対人関係, Time: 2024-05-07 11:44:48.345762+00:00
Quiz accessed: 散歩しているときに見つけたものは？, Category: 対人関係, Time: 2024-05-07 11:44:50.910471+00:00
Quiz accessed: 散歩しているときに見つけたものは？, Category: 対人関係, Time: 2024-05-07 11:50:37.802931+00:00
Quiz accessed: 散歩しているときに見つけたものは？, Category: 対人関係, Time: 2024-05-07 11:51:07.185731+00:00
Quiz accessed: 散歩しているときに見つけたものは？, Category: 対人関係, Time: 2024-05-07 12:56:53.943359+00:00
Quiz accessed: あなたのサイコパス度は？, Category: 社会生活, Time: 2024-05-07 12:57:55.919277+00:00
Quiz accessed: あなたのサイコパス度は？, Category: 社会生活, Time: 2024-05-07 12:58:36.373104+00:00
Quiz accessed: あなたのサイコパス度は？, Category: 社会生活, Time: 2024-05-07 12:58:37.240696+00:00
Quiz accessed: 散歩しているときに見つけたものは？, Category: 対人関係, Time: 2024-05-07 12:59:01.713891+00:00
Quiz accessed: 散歩しているときに見つけたものは？, Category: 対人関係, Time: 2024-05-07 13:00:03.322427+00:00
Quiz accessed: 散歩しているときに見つけたものは？, Category: 対人関係, Time: 2024-05-07 13:00:20.924712+00:00
Quiz accessed: 散歩しているときに見つけたものは？, Category: 対人関係, Time: 2024-05-07 13:00:22.153877+00:00
Quiz accessed: あなたのサイコパス度は？, Category: 社会生活, Time: 2024-05-07 13:00:25.921463+00:00
Quiz accessed: 散歩しているときに見つけたものは？, Category: 対人関係, Time: 2024-05-07 13:00:33.823852+00:00
Quiz accessed: あなたのサイコパス度は？, Category: 社会生活, Time: 2024-05-07 13:02:11.603782+00:00
Quiz accessed: 散歩しているときに見つけたものは？, Category: 対人関係, Time: 2024-05-07 13:04:41.007629+00:00
Quiz accessed: あなたのサイコパス度は？, Category: 社会生活, Time: 2024-05-07 13:06:42.999504+00:00
Quiz accessed: あなたのサイコパス度は？, Category: 社会生活, Time: 2024-05-07 13:07:35.818937+00:00
Quiz accessed: 散歩しているときに見つけたものは？, Category: 対人関係, Time: 2024-05-07 13:07:40.618541+00:00
Quiz accessed: あなたのサイコパス度は？, Category: 社会生活, Time: 2024-05-07 13:08:16.749122+00:00
Quiz accessed: あなたのサイコパス度は？, Category: 社会生活, Time: 2024-05-07 13:08:41.547822+00:00
Quiz accessed: 散歩しているときに見つけたものは？, Category: 対人関係, Time: 2024-05-07 13:08:49.352909+00:00
Quiz accessed: 散歩しているときに見つけたものは？, Category: 対人関係, Time: 2024-05-07 13:08:50.742945+00:00
Quiz accessed: あなたのサイコパス度は？, Category: 社会生活, Time: 2024-05-07 13:09:03.882838+00:00
Quiz accessed: あなたのサイコパス度は？, Category: 社会生活, Time: 2024-05-07 13:09:06.092480+00:00
Quiz accessed: あなたのサイコパス度は？, Category: 社会生活, Time: 2024-05-07 13:10:02.170393+00:00
Quiz accessed: 散歩しているときに見つけたものは？, Category: 対人関係, Time: 2024-05-07 13:10:07.618853+00:00
Quiz accessed: 散歩しているときに見つけたものは？, Category: 対人関係, Time: 2024-05-07 13:10:19.009380+00:00
Quiz accessed: 散歩しているときに見つけたものは？, Category: 対人関係, Time: 2024-05-07 13:10:21.478374+00:00
Quiz accessed: あなたのサイコパス度は？, Category: 社会生活, Time: 2024-05-07 13:10:27.584642+00:00
Quiz accessed: あなたのサイコパス度は？, Category: 社会生活, Time: 2024-05-07 13:10:40.484014+00:00
Quiz accessed: 散歩しているときに見つけたものは？, Category: 対人関係, Time: 2024-05-07 13:10:43.026781+00:00
Quiz accessed: 散歩しているときに見つけたものは？, Category: 対人関係, Time: 2024-05-07 13:10:44.606376+00:00
Quiz accessed: 散歩しているときに見つけたものは？, Category: 対人関係, Time: 2024-05-07 13:10:57.748988+00:00
Quiz accessed: 散歩しているときに見つけたものは？, Category: 対人関係, Time: 2024-05-07 13:11:13.865330+00:00
Quiz accessed: 散歩しているときに見つけたものは？, Category: 対人関係, Time: 2024-05-07 13:11:14.869453+00:00
Quiz accessed: あなたのサイコパス度は？, Category: 社会生活, Time: 2024-05-07 13:11:21.590832+00:00
Quiz accessed: あなたのサイコパス度は？, Category: 社会生活, Time: 2024-05-07 13:11:26.308057+00:00
Quiz accessed: あなたのサイコパス度は？, Category: 社会生活, Time: 2024-05-07 13:11:42.905244+00:00
Quiz accessed: 散歩しているときに見つけたものは？, Category: 対人関係, Time: 2024-05-07 13:11:47.448808+00:00
Quiz accessed: 散歩しているときに見つけたものは？, Category: 対人関係, Time: 2024-05-07 13:11:49.142629+00:00
Quiz accessed: 散歩しているときに見つけたものは？, Category: 対人関係, Time: 2024-05-07 13:12:02.808157+00:00
Quiz accessed: あなたのサイコパス度は？, Category: 社会生活, Time: 2024-05-07 13:12:08.135836+00:00
Quiz accessed: あなたのサイコパス度は？, Category: 社会生活, Time: 2024-05-07 13:12:09.967382+00:00
Quiz accessed: あなたのサイコパス度は？, Category: 社会生活, Time: 2024-05-07 13:12:31.353871+00:00
Quiz accessed: 散歩しているときに見つけたものは？, Category: 対人関係, Time: 2024-05-07 13:12:36.362368+00:00
Quiz accessed: 散歩しているときに見つけたものは？, Category: 対人関係, Time: 2024-05-07 13:12:38.086278+00:00
Quiz accessed: 散歩しているときに見つけたものは？, Category: 対人関係, Time: 2024-05-07 13:13:15.940093+00:00
Quiz accessed: あなたのサイコパス度は？, Category: 社会生活, Time: 2024-05-07 13:13:22.113020+00:00
Quiz accessed: あなたのサイコパス度は？, Category: 社会生活, Time: 2024-05-07 13:13:23.683259+00:00
Quiz accessed: 散歩しているときに見つけたものは？, Category: 対人関係, Time: 2024-05-07 13:13:26.900357+00:00
Quiz accessed: 散歩しているときに見つけたものは？, Category: 対人関係, Time: 2024-05-07 13:13:28.263495+00:00
Quiz accessed: あなたのサイコパス度は？, Category: 社会生活, Time: 2024-05-07 13:13:43.639734+00:00
Quiz accessed: あなたのサイコパス度は？, Category: 社会生活, Time: 2024-05-07 13:14:06.999143+00:00
Quiz accessed: あなたのサイコパス度は？, Category: 社会生活, Time: 2024-05-07 13:14:11.868759+00:00
Quiz accessed: 散歩しているときに見つけたものは？, Category: 対人関係, Time: 2024-05-07 13:14:16.089281+00:00
Quiz accessed: あなたのサイコパス度は？, Category: 社会生活, Time: 2024-05-07 13:15:20.774838+00:00
Quiz accessed: あなたのサイコパス度は？, Category: 社会生活, Time: 2024-05-07 13:15:33.992026+00:00
Quiz accessed: 散歩しているときに見つけたものは？, Category: 対人関係, Time: 2024-05-07 13:15:40.890520+00:00
Quiz accessed: 散歩しているときに見つけたものは？, Category: 対人関係, Time: 2024-05-07 13:15:42.522920+00:00
Quiz accessed: あなたのサイコパス度は？, Category: 社会生活, Time: 2024-05-07 13:15:48.749567+00:00
Quiz accessed: あなたのサイコパス度は？, Category: 社会生活, Time: 2024-05-07 13:15:54.819611+00:00
Quiz accessed: あなたのサイコパス度は？, Category: 社会生活, Time: 2024-05-07 13:16:10.339951+00:00
Quiz accessed: 散歩しているときに見つけたものは？, Category: 対人関係, Time: 2024-05-07 13:16:16.144083+00:00
Quiz accessed: 散歩しているときに見つけたものは？, Category: 対人関係, Time: 2024-05-07 13:16:17.729481+00:00
Quiz accessed: 散歩しているときに見つけたものは？, Category: 対人関係, Time: 2024-05-07 13:16:55.279794+00:00
Quiz accessed: あなたのサイコパス度は？, Category: 社会生活, Time: 2024-05-07 13:17:00.457735+00:00
Quiz accessed: あなたのサイコパス度は？, Category: 社会生活, Time: 2024-05-07 13:17:02.853923+00:00
Quiz accessed: あなたのサイコパス度は？, Category: 社会生活, Time: 2024-05-07 13:17:13.420416+00:00
Quiz accessed: 散歩しているときに見つけたものは？, Category: 対人関係, Time: 2024-05-07 13:17:38.037481+00:00
Quiz accessed: 散歩しているときに見つけたものは？, Category: 対人関係, Time: 2024-05-07 13:17:41.091576+00:00
Quiz accessed: あなたのサイコパス度は？, Category: 社会生活, Time: 2024-05-07 13:17:56.927739+00:00
Quiz accessed: あなたのサイコパス度は？, Category: 社会生活, Time: 2024-05-07 13:18:00.371523+00:00
Quiz accessed: 散歩しているときに見つけたものは？, Category: 対人関係, Time: 2024-05-07 13:18:04.614231+00:00
Quiz accessed: 散歩しているときに見つけたものは？, Category: 対人関係, Time: 2024-05-07 13:18:07.001043+00:00
Quiz accessed: 散歩しているときに見つけたものは？, Category: 対人関係, Time: 2024-05-07 13:18:36.832530+00:00
Quiz accessed: 散歩しているときに見つけたものは？, Category: 対人関係, Time: 2024-05-07 13:18:38.522409+00:00
Quiz accessed: あなたのサイコパス度は？, Category: 社会生活, Time: 2024-05-07 13:18:43.182493+00:00
Quiz accessed: あなたのサイコパス度は？, Category: 社会生活, Time: 2024-05-07 13:18:47.356239+00:00
Quiz accessed: あなたのサイコパス度は？, Category: 社会生活, Time: 2024-05-07 13:19:03.020621+00:00
Quiz accessed: 散歩しているときに見つけたものは？, Category: 対人関係, Time: 2024-05-07 13:19:12.174748+00:00
Quiz accessed: 散歩しているときに見つけたものは？, Category: 対人関係, Time: 2024-05-07 13:19:13.591320+00:00
Quiz accessed: あなたのサイコパス度は？, Category: 社会生活, Time: 2024-05-07 13:19:23.550365+00:00
Quiz accessed: 散歩しているときに見つけたものは？, Category: 対人関係, Time: 2024-05-07 13:20:16.051154+00:00
Quiz accessed: 散歩しているときに見つけたものは？, Category: 対人関係, Time: 2024-05-07 13:20:18.115380+00:00
Quiz accessed: あなたのサイコパス度は？, Category: 社会生活, Time: 2024-05-07 13:20:22.237893+00:00
Quiz accessed: あなたのサイコパス度は？, Category: 社会生活, Time: 2024-05-07 13:20:24.014383+00:00
Quiz accessed: 散歩しているときに見つけたものは？, Category: 対人関係, Time: 2024-05-07 13:20:53.883410+00:00
Quiz accessed: 散歩しているときに見つけたものは？, Category: 対人関係, Time: 2024-05-07 13:20:55.404516+00:00
Quiz accessed: あなたのサイコパス度は？, Category: 社会生活, Time: 2024-05-07 13:21:00.916639+00:00
Quiz accessed: あなたのサイコパス度は？, Category: 社会生活, Time: 2024-05-07 13:21:02.251269+00:00
Quiz accessed: あなたのサイコパス度は？, Category: 社会生活, Time: 2024-05-07 13:21:22.141230+00:00
Quiz accessed: あなたのサイコパス度は？, Category: 社会生活, Time: 2024-05-07 13:21:29.771836+00:00
Quiz accessed: 散歩しているときに見つけたものは？, Category: 対人関係, Time: 2024-05-07 13:21:32.874985+00:00
Quiz accessed: あなたのサイコパス度は？, Category: 社会生活, Time: 2024-05-07 13:21:53.069486+00:00
Quiz accessed: あなたのサイコパス度は？, Category: 社会生活, Time: 2024-05-07 13:22:09.240773+00:00
Quiz accessed: 散歩しているときに見つけたものは？, Category: 対人関係, Time: 2024-05-07 13:22:15.922091+00:00
Quiz accessed: 散歩しているときに見つけたものは？, Category: 対人関係, Time: 2024-05-07 13:22:17.589026+00:00
Quiz accessed: あなたのサイコパス度は？, Category: 社会生活, Time: 2024-05-07 13:22:27.538114+00:00
Quiz accessed: あなたのサイコパス度は？, Category: 社会生活, Time: 2024-05-07 13:22:44.488938+00:00
Quiz accessed: あなたのサイコパス度は？, Category: 社会生活, Time: 2024-05-07 13:23:33.183713+00:00
Quiz accessed: あなたのサイコパス度は？, Category: 社会生活, Time: 2024-05-07 13:23:42.923381+00:00
Quiz accessed: 散歩しているときに見つけたものは？, Category: 対人関係, Time: 2024-05-07 13:23:46.515121+00:00
Quiz accessed: あなたのサイコパス度は？, Category: 社会生活, Time: 2024-05-07 13:23:51.581700+00:00
Quiz accessed: あなたのサイコパス度は？, Category: 社会生活, Time: 2024-05-07 13:23:57.016587+00:00
Quiz accessed: 散歩しているときに見つけたものは？, Category: 対人関係, Time: 2024-05-07 13:24:35.453980+00:00
Quiz accessed: あなたのサイコパス度は？, Category: 社会生活, Time: 2024-05-07 13:24:39.957439+00:00
Quiz accessed: 散歩しているときに見つけたものは？, Category: 対人関係, Time: 2024-05-07 13:24:44.619566+00:00
Quiz accessed: あなたのサイコパス度は？, Category: 社会生活, Time: 2024-05-07 13:24:54.655468+00:00
Quiz accessed: あなたのサイコパス度は？, Category: 社会生活, Time: 2024-05-07 13:25:53.866131+00:00
Quiz accessed: 散歩しているときに見つけたものは？, Category: 対人関係, Time: 2024-05-07 13:26:00.463411+00:00
Quiz accessed: あなたのサイコパス度は？, Category: 社会生活, Time: 2024-05-07 13:26:05.422210+00:00
Quiz accessed: 散歩しているときに見つけたものは？, Category: 対人関係, Time: 2024-05-07 13:29:10.650555+00:00
Quiz accessed: 散歩しているときに見つけたものは？, Category: 対人関係, Time: 2024-05-07 13:29:39.604780+00:00
Quiz accessed: あなたのサイコパス度は？, Category: 社会生活, Time: 2024-05-07 13:30:57.363420+00:00
Quiz accessed: 散歩しているときに見つけたものは？, Category: 対人関係, Time: 2024-05-07 13:33:10.937518+00:00
Quiz accessed: あなたのサイコパス度は？, Category: 社会生活, Time: 2024-05-07 13:33:14.231335+00:00
Quiz accessed: 散歩しているときに見つけたものは？, Category: 対人関係, Time: 2024-05-07 13:41:11.814446+00:00
Quiz accessed: 散歩しているときに見つけたものは？, Category: 対人関係, Time: 2024-05-07 13:45:35.030659+00:00
Quiz accessed: あなたの好きなタイプは？, Category: 恋愛, Time: 2024-05-07 13:52:01.645416+00:00
Quiz accessed: 散歩しているときに見つけたものは？, Category: 対人関係, Time: 2024-05-07 13:52:43.283744+00:00
Quiz accessed: あなたのサイコパス度は？, Category: 社会生活, Time: 2024-05-07 13:53:03.711427+00:00
Quiz accessed: あなたのサイコパス度は？, Category: 社会生活, Time: 2024-05-07 13:54:41.445379+00:00
Quiz accessed: 散歩しているときに見つけたものは？, Category: 対人関係, Time: 2024-05-07 13:54:47.311679+00:00
Quiz accessed: あなたのサイコパス度は？, Category: 社会生活, Time: 2024-05-07 13:56:48.534724+00:00
Quiz accessed: あなたのサイコパス度は？, Category: 社会生活, Time: 2024-05-07 14:34:01.242802+00:00
Quiz accessed: あなたのサイコパス度は？, Category: 社会生活, Time: 2024-05-07 14:53:24.902831+00:00
Quiz accessed: あなたのサイコパス度は？, Category: 社会生活, Time: 2024-05-07 14:54:03.636862+00:00
Quiz accessed: あなたのサイコパス度は？, Category: 社会生活, Time: 2024-05-07 15:00:42.310779+00:00
Quiz accessed: あなたのサイコパス度は？, Category: 社会生活, Time: 2024-05-07 15:03:31.645795+00:00
Quiz accessed: あなたのサイコパス度は？, Category: 社会生活, Time: 2024-05-07 15:08:56.501439+00:00
Quiz accessed: 散歩しているときに見つけたものは？, Category: 対人関係, Time: 2024-05-07 15:09:01.477961+00:00
Quiz accessed: あなたのサイコパス度は？, Category: 社会生活, Time: 2024-05-07 15:09:04.590447+00:00
Quiz accessed: あなたのサイコパス度は？, Category: 社会生活, Time: 2024-05-07 15:09:19.537427+00:00
Quiz accessed: あなたのサイコパス度は？, Category: 社会生活, Time: 2024-05-07 15:09:26.624165+00:00
Quiz accessed: あなたのサイコパス度は？, Category: 社会生活, Time: 2024-05-07 15:15:08.491768+00:00
Quiz accessed: 散歩しているときに見つけたものは？, Category: 対人関係, Time: 2024-05-07 15:15:12.906645+00:00
Quiz accessed: あなたのサイコパス度は？, Category: 社会生活, Time: 2024-05-07 15:15:44.089935+00:00
Quiz accessed: あなたのサイコパス度は？, Category: 社会生活, Time: 2024-05-07 15:21:06.907257+00:00
Quiz accessed: あなたのサイコパス度は？, Category: 社会生活, Time: 2024-05-07 15:21:07.604969+00:00
Quiz accessed: あなたのサイコパス度は？, Category: 社会生活, Time: 2024-05-07 15:21:07.939097+00:00
Quiz accessed: あなたのサイコパス度は？, Category: 社会生活, Time: 2024-05-07 15:21:08.149976+00:00
Quiz accessed: あなたのサイコパス度は？, Category: 社会生活, Time: 2024-05-07 15:21:08.331367+00:00
Quiz accessed: あなたのサイコパス度は？, Category: 社会生活, Time: 2024-05-07 15:21:08.435447+00:00
Quiz accessed: あなたのサイコパス度は？, Category: 社会生活, Time: 2024-05-07 15:26:13.531254+00:00
Quiz accessed: 散歩しているときに見つけたものは？, Category: 対人関係, Time: 2024-05-07 15:26:54.690987+00:00
Quiz accessed: あなたのサイコパス度は？, Category: 社会生活, Time: 2024-05-07 15:27:03.267339+00:00
Quiz accessed: あなたのサイコパス度は？, Category: 社会生活, Time: 2024-05-07 15:27:31.256653+00:00
Quiz accessed: あなたのサイコパス度は？, Category: 社会生活, Time: 2024-05-07 15:27:50.785012+00:00
Quiz accessed: あなたのサイコパス度は？, Category: 社会生活, Time: 2024-05-07 15:34:13.185863+00:00
Quiz accessed: あなたのサイコパス度は？, Category: 社会生活, Time: 2024-05-07 15:34:13.790628+00:00
Quiz accessed: あなたのサイコパス度は？, Category: 社会生活, Time: 2024-05-07 15:40:41.508019+00:00
Quiz accessed: あなたのサイコパス度は？, Category: 社会生活, Time: 2024-05-07 15:41:17.833781+00:00
Quiz accessed: あなたのサイコパス度は？, Category: 社会生活, Time: 2024-05-07 15:41:54.989021+00:00
Quiz accessed: あなたのサイコパス度は？, Category: 社会生活, Time: 2024-05-07 15:45:02.259412+00:00
Quiz accessed: あなたのサイコパス度は？, Category: 社会生活, Time: 2024-05-07 15:55:05.759882+00:00
Quiz accessed: あなたのサイコパス度は？, Category: 社会生活, Time: 2024-05-07 15:55:21.207146+00:00
Quiz accessed: あなたのサイコパス度は？, Category: 社会生活, Time: 2024-05-07 15:56:08.209590+00:00
Quiz accessed: あなたのサイコパス度は？, Category: 社会生活, Time: 2024-05-07 16:00:35.861588+00:00
Quiz accessed: あなたのサイコパス度は？, Category: 社会生活, Time: 2024-05-07 16:01:24.238742+00:00
Quiz accessed: あなたのサイコパス度は？, Category: 社会生活, Time: 2024-05-07 16:02:17.419925+00:00
Quiz accessed: あなたのサイコパス度は？, Category: 社会生活, Time: 2024-05-07 16:03:50.350761+00:00
Quiz accessed: あなたのサイコパス度は？, Category: 社会生活, Time: 2024-05-07 16:04:29.767197+00:00
Quiz accessed: あなたのサイコパス度は？, Category: 社会生活, Time: 2024-05-07 16:05:10.509939+00:00
Quiz accessed: あなたのサイコパス度は？, Category: 社会生活, Time: 2024-05-07 16:05:40.481345+00:00
Quiz accessed: あなたのサイコパス度は？, Category: 社会生活, Time: 2024-05-07 16:06:11.116921+00:00
Quiz accessed: あなたのサイコパス度は？, Category: 社会生活, Time: 2024-05-07 16:07:28.524602+00:00
Quiz accessed: あなたのサイコパス度は？, Category: 社会生活, Time: 2024-05-07 16:08:07.846929+00:00
Quiz accessed: あなたのサイコパス度は？, Category: 社会生活, Time: 2024-05-07 16:08:49.729946+00:00
Quiz accessed: あなたのサイコパス度は？, Category: 社会生活, Time: 2024-05-07 16:10:42.474264+00:00
Quiz accessed: あなたのサイコパス度は？, Category: 社会生活, Time: 2024-05-07 16:11:57.770752+00:00
Quiz accessed: あなたのサイコパス度は？, Category: 社会生活, Time: 2024-05-07 16:11:59.474482+00:00
Quiz accessed: あなたのサイコパス度は？, Category: 社会生活, Time: 2024-05-07 16:12:15.998217+00:00
Quiz accessed: 散歩しているときに見つけたものは？, Category: 対人関係, Time: 2024-05-07 16:12:20.666036+00:00
Quiz accessed: あなたのサイコパス度は？, Category: 社会生活, Time: 2024-05-07 16:12:31.275210+00:00
Quiz accessed: あなたのサイコパス度は？, Category: 社会生活, Time: 2024-05-07 16:12:41.849144+00:00
Quiz accessed: 散歩しているときに見つけたものは？, Category: 対人関係, Time: 2024-05-07 16:13:17.129553+00:00
Quiz accessed: 散歩しているときに見つけたものは？, Category: 対人関係, Time: 2024-05-07 16:13:57.950910+00:00
Quiz accessed: あなたのサイコパス度は？, Category: 社会生活, Time: 2024-05-07 16:14:09.355846+00:00
Quiz accessed: あなたのサイコパス度は？, Category: 社会生活, Time: 2024-05-07 16:16:31.447089+00:00
Quiz accessed: あなたのサイコパス度は？, Category: 社会生活, Time: 2024-05-07 16:17:19.662002+00:00
Quiz accessed: 散歩しているときに見つけたものは？, Category: 対人関係, Time: 2024-05-07 16:17:23.518946+00:00
Quiz accessed: あなたの好きなタイプは？, Category: 恋愛, Time: 2024-05-08 13:04:46.552444+00:00
Quiz accessed: あなたの好きなタイプは？, Category: 恋愛, Time: 2024-05-08 13:06:43.594803+00:00
Quiz accessed: あなたのサイコパス度は？, Category: 社会生活, Time: 2024-05-08 13:18:36.901948+00:00
Quiz accessed: 散歩しているときに見つけたものは？, Category: 対人関係, Time: 2024-05-08 13:40:11.664053+00:00
Quiz accessed: あなたのサイコパス度は？, Category: 社会生活, Time: 2024-05-08 13:52:19.787780+00:00
Quiz accessed: 散歩しているときに見つけたものは？, Category: 対人関係, Time: 2024-05-08 15:22:14.530057+00:00
Quiz accessed: 散歩しているときに見つけたものは？, Category: 対人関係, Time: 2024-05-08 15:48:01.687123+00:00
Quiz accessed: 散歩しているときに見つけたものは？, Category: 対人関係, Time: 2024-05-08 15:48:43.331013+00:00
Quiz accessed: あなたのジャイアン度は？, Category: 自己分析, Time: 2024-05-08 16:06:12.572711+00:00
Quiz accessed: 散歩しているときに見つけたものは？, Category: 対人関係, Time: 2024-05-08 16:06:15.642317+00:00
Quiz accessed: 散歩しているときに見つけたものは？, Category: 対人関係, Time: 2024-05-08 16:08:43.637473+00:00
Quiz accessed: あなたのサイコパス度は？, Category: 社会生活, Time: 2024-05-08 16:09:18.312095+00:00
Quiz accessed: 散歩しているときに見つけたものは？, Category: 対人関係, Time: 2024-05-08 16:13:52.966429+00:00
Quiz accessed: あなたのサイコパス度は？, Category: 社会生活, Time: 2024-05-08 16:14:56.732548+00:00
Quiz accessed: 散歩しているときに見つけたものは？, Category: 対人関係, Time: 2024-05-08 16:15:54.137245+00:00
Quiz accessed: 散歩しているときに見つけたものは？, Category: 対人関係, Time: 2024-05-08 16:17:06.608845+00:00
Quiz accessed: 散歩しているときに見つけたものは？, Category: 対人関係, Time: 2024-05-08 16:17:07.766110+00:00
Quiz accessed: 散歩しているときに見つけたものは？, Category: 対人関係, Time: 2024-05-08 16:17:31.519712+00:00
Quiz accessed: 散歩しているときに見つけたものは？, Category: 対人関係, Time: 2024-05-08 16:17:32.182908+00:00
Quiz accessed: あなたのサイコパス度は？, Category: 社会生活, Time: 2024-05-08 16:17:39.329346+00:00
Quiz accessed: あなたのサイコパス度は？, Category: 社会生活, Time: 2024-05-08 16:17:41.000132+00:00
Quiz accessed: あなたのサイコパス度は？, Category: 社会生活, Time: 2024-05-08 16:18:12.657735+00:00
Quiz accessed: 散歩しているときに見つけたものは？, Category: 対人関係, Time: 2024-05-08 16:18:32.380777+00:00
Quiz accessed: 散歩しているときに見つけたものは？, Category: 対人関係, Time: 2024-05-08 16:25:36.450882+00:00
Quiz accessed: あなたのサイコパス度は？, Category: 社会生活, Time: 2024-05-08 16:25:44.365940+00:00
Quiz accessed: 散歩しているときに見つけたものは？, Category: 対人関係, Time: 2024-05-08 16:25:59.370236+00:00
Quiz accessed: 散歩しているときに見つけたものは？, Category: 対人関係, Time: 2024-05-08 16:26:09.187754+00:00
Quiz accessed: 散歩しているときに見つけたものは？, Category: 対人関係, Time: 2024-05-08 16:30:43.133086+00:00
Quiz accessed: あなたのサイコパス度は？, Category: 社会生活, Time: 2024-05-08 16:30:50.131515+00:00
Quiz accessed: あなたのサイコパス度は？, Category: 社会生活, Time: 2024-05-08 16:31:44.630022+00:00
Quiz accessed: あなたのサイコパス度は？, Category: 社会生活, Time: 2024-05-08 16:32:14.016024+00:00
Quiz accessed: あなたのサイコパス度は？, Category: 社会生活, Time: 2024-05-08 16:35:15.059390+00:00
Quiz accessed: あなたのサイコパス度は？, Category: 社会生活, Time: 2024-05-08 16:37:38.277241+00:00
Quiz accessed: 散歩しているときに見つけたものは？, Category: 対人関係, Time: 2024-05-08 16:37:45.417882+00:00
Quiz accessed: あなたのサイコパス度は？, Category: 社会生活, Time: 2024-05-08 16:38:51.664414+00:00
Quiz accessed: あなたのサイコパス度は？, Category: 社会生活, Time: 2024-05-08 16:39:22.959355+00:00
Quiz accessed: 散歩しているときに見つけたものは？, Category: 対人関係, Time: 2024-05-08 16:39:27.493788+00:00
Quiz accessed: 散歩しているときに見つけたものは？, Category: 対人関係, Time: 2024-05-08 16:39:51.299260+00:00
Quiz accessed: 散歩しているときに見つけたものは？, Category: 対人関係, Time: 2024-05-08 16:40:09.665445+00:00
Quiz accessed: 散歩しているときに見つけたものは？, Category: 対人関係, Time: 2024-05-08 16:40:22.647052+00:00
Quiz accessed: 散歩しているときに見つけたものは？, Category: 対人関係, Time: 2024-05-08 16:40:43.546744+00:00
Quiz accessed: 散歩しているときに見つけたものは？, Category: 対人関係, Time: 2024-05-08 16:40:56.273600+00:00
Quiz accessed: あなたのサイコパス度は？, Category: 社会生活, Time: 2024-05-08 16:41:01.666221+00:00
Quiz accessed: あなたのサイコパス度は？, Category: 社会生活, Time: 2024-05-08 16:41:34.881165+00:00
Quiz accessed: 散歩しているときに見つけたものは？, Category: 対人関係, Time: 2024-05-08 16:42:27.655173+00:00
Quiz accessed: あなたの好きなタイプは？, Category: 恋愛, Time: 2024-05-08 16:43:15.292320+00:00
Quiz accessed: あなたのサイコパス度は？, Category: 社会生活, Time: 2024-05-09 12:40:14.111301+00:00
Quiz accessed: あなたのサイコパス度は？, Category: 社会生活, Time: 2024-05-09 12:51:48.274845+00:00
Quiz accessed: あなたのサイコパス度は？, Category: 社会生活, Time: 2024-05-09 12:55:54.892086+00:00
Quiz accessed: あなたのサイコパス度は？, Category: 社会生活, Time: 2024-05-09 12:55:59.385313+00:00
Quiz accessed: あなたのサイコパス度は？, Category: 社会生活, Time: 2024-05-09 12:56:20.639774+00:00
Quiz accessed: あなたのサイコパス度は？, Category: 社会生活, Time: 2024-05-09 13:01:53.591770+00:00
Quiz accessed: あなたのサイコパス度は？, Category: 社会生活, Time: 2024-05-09 13:02:29.723801+00:00
Quiz accessed: あなたのサイコパス度は？, Category: 社会生活, Time: 2024-05-09 13:02:58.948910+00:00
Quiz accessed: あなたのサイコパス度は？, Category: 社会生活, Time: 2024-05-09 13:02:59.639850+00:00
Quiz accessed: あなたのサイコパス度は？, Category: 社会生活, Time: 2024-05-09 13:04:15.961119+00:00
Quiz accessed: あなたのサイコパス度は？, Category: 社会生活, Time: 2024-05-09 13:04:18.381456+00:00
Quiz accessed: あなたのサイコパス度は？, Category: 社会生活, Time: 2024-05-09 13:04:32.586584+00:00
Quiz accessed: あなたのサイコパス度は？, Category: 社会生活, Time: 2024-05-09 13:04:33.539521+00:00
Quiz accessed: あなたのサイコパス度は？, Category: 社会生活, Time: 2024-05-09 13:07:27.423064+00:00
Quiz accessed: あなたのサイコパス度は？, Category: 社会生活, Time: 2024-05-09 13:16:52.768535+00:00
Quiz accessed: あなたのサイコパス度は？, Category: 社会生活, Time: 2024-05-09 13:17:24.579590+00:00
Quiz accessed: あなたのサイコパス度は？, Category: 社会生活, Time: 2024-05-09 13:21:28.797684+00:00
Quiz accessed: あなたのサイコパス度は？, Category: 社会生活, Time: 2024-05-09 13:24:41.743984+00:00
Quiz accessed: あなたのサイコパス度は？, Category: 社会生活, Time: 2024-05-09 13:24:42.655588+00:00
Quiz accessed: あなたのサイコパス度は？, Category: 社会生活, Time: 2024-05-09 13:24:58.739943+00:00
Quiz accessed: あなたのサイコパス度は？, Category: 社会生活, Time: 2024-05-09 13:24:59.389474+00:00
Quiz accessed: あなたのサイコパス度は？, Category: 社会生活, Time: 2024-05-09 13:25:01.230731+00:00
Quiz accessed: あなたのサイコパス度は？, Category: 社会生活, Time: 2024-05-09 13:25:01.586461+00:00
Quiz accessed: あなたのサイコパス度は？, Category: 社会生活, Time: 2024-05-09 13:25:20.695369+00:00
Quiz accessed: あなたのサイコパス度は？, Category: 社会生活, Time: 2024-05-09 13:26:26.015966+00:00
Quiz accessed: あなたのサイコパス度は？, Category: 社会生活, Time: 2024-05-09 13:28:08.326079+00:00
Quiz accessed: あなたのサイコパス度は？, Category: 社会生活, Time: 2024-05-09 13:28:31.590604+00:00
Quiz accessed: あなたのサイコパス度は？, Category: 社会生活, Time: 2024-05-09 13:28:41.673311+00:00
Quiz accessed: あなたのサイコパス度は？, Category: 社会生活, Time: 2024-05-09 13:28:53.315569+00:00
Quiz accessed: あなたのサイコパス度は？, Category: 社会生活, Time: 2024-05-09 13:30:38.438209+00:00
Quiz accessed: あなたのサイコパス度は？, Category: 社会生活, Time: 2024-05-09 13:34:33.044988+00:00
Quiz accessed: あなたのサイコパス度は？, Category: 社会生活, Time: 2024-05-09 13:34:58.212964+00:00
Quiz accessed: あなたのサイコパス度は？, Category: 社会生活, Time: 2024-05-09 13:38:48.958435+00:00
Quiz accessed: あなたのサイコパス度は？, Category: 社会生活, Time: 2024-05-09 13:39:47.726108+00:00
Quiz accessed: あなたのサイコパス度は？, Category: 社会生活, Time: 2024-05-09 13:40:14.313491+00:00
Quiz accessed: あなたのサイコパス度は？, Category: 社会生活, Time: 2024-05-09 13:41:12.658630+00:00
Quiz accessed: あなたのサイコパス度は？, Category: 社会生活, Time: 2024-05-09 13:42:16.769008+00:00
Quiz accessed: あなたのサイコパス度は？, Category: 社会生活, Time: 2024-05-09 13:47:15.208510+00:00
Quiz accessed: あなたのサイコパス度は？, Category: 社会生活, Time: 2024-05-09 13:47:59.340544+00:00
Quiz accessed: あなたのサイコパス度は？, Category: 社会生活, Time: 2024-05-09 14:00:36.043138+00:00
Quiz accessed: あなたのジャイアン度は？, Category: 自己分析, Time: 2024-05-09 14:12:04.925306+00:00
Quiz accessed: あなたの好きなタイプは？, Category: 恋愛, Time: 2024-05-09 14:12:13.509316+00:00
Quiz accessed: あなたのジャイアン度は？, Category: 自己分析, Time: 2024-05-09 14:54:00.964601+00:00
Quiz accessed: あなたのサイコパス度は？, Category: 社会生活, Time: 2024-05-09 14:54:04.153501+00:00
Quiz accessed: 散歩しているときに見つけたものは？, Category: 対人関係, Time: 2024-05-09 14:54:30.791313+00:00
Quiz accessed: 散歩しているときに見つけたものは？, Category: 対人関係, Time: 2024-05-09 14:54:54.722376+00:00
Quiz accessed: あなたのサイコパス度は？, Category: 社会生活, Time: 2024-05-09 14:55:07.648479+00:00
Quiz accessed: あなたのジャイアン度は？, Category: 自己分析, Time: 2024-05-09 15:12:46.858646+00:00
Quiz accessed: あなたのサイコパス度は？, Category: 社会生活, Time: 2024-05-09 15:12:50.738138+00:00
Quiz accessed: 散歩しているときに見つけたものは？, Category: 対人関係, Time: 2024-05-09 15:12:56.981133+00:00
Quiz accessed: あなたのサイコパス度は？, Category: 社会生活, Time: 2024-05-09 15:13:03.627358+00:00
Quiz accessed: あなたのサイコパス度は？, Category: 社会生活, Time: 2024-05-09 15:13:27.859929+00:00
Quiz accessed: あなたのサイコパス度は？, Category: 社会生活, Time: 2024-05-09 15:24:01.782402+00:00
Quiz accessed: あなたのサイコパス度は？, Category: 社会生活, Time: 2024-05-09 15:36:59.009559+00:00
Quiz accessed: あなたのサイコパス度は？, Category: 社会生活, Time: 2024-05-09 15:41:12.991019+00:00
Quiz accessed: あなたのサイコパス度は？, Category: 社会生活, Time: 2024-05-09 15:46:14.708777+00:00
Quiz accessed: あなたのサイコパス度は？, Category: 社会生活, Time: 2024-05-09 15:50:47.926405+00:00
Quiz accessed: あなたのサイコパス度は？, Category: 社会生活, Time: 2024-05-09 16:01:24.535868+00:00
Quiz accessed: あなたのサイコパス度は？, Category: 社会生活, Time: 2024-05-09 16:03:13.730006+00:00
Quiz accessed: あなたのサイコパス度は？, Category: 社会生活, Time: 2024-05-09 16:24:05.927933+00:00
Quiz accessed: あなたのサイコパス度は？, Category: 社会生活, Time: 2024-05-09 16:38:12.051705+00:00
Quiz accessed: あなたのサイコパス度は？, Category: 社会生活, Time: 2024-05-09 16:38:35.282534+00:00
Quiz accessed: あなたのサイコパス度は？, Category: 社会生活, Time: 2024-05-09 16:39:26.159685+00:00
Quiz accessed: 散歩しているときに見つけたものは？, Category: 対人関係, Time: 2024-05-09 16:41:15.109501+00:00
Quiz accessed: あなたの好きなタイプは？, Category: 恋愛, Time: 2024-05-09 16:41:22.555533+00:00
Quiz accessed: あなたのサイコパス度は？, Category: 社会生活, Time: 2024-05-09 16:42:06.024921+00:00
Quiz accessed: 散歩しているときに見つけたものは？, Category: 対人関係, Time: 2024-05-09 16:44:11.756275+00:00
Quiz accessed: 散歩しているときに見つけたものは？, Category: 対人関係, Time: 2024-05-09 16:45:17.283930+00:00
Quiz accessed: あなたの好きなタイプは？, Category: 恋愛, Time: 2024-05-09 16:45:21.915668+00:00
Quiz accessed: あなたの好きなタイプは？, Category: 恋愛, Time: 2024-05-09 16:47:49.399723+00:00
Quiz accessed: あなたのサイコパス度は？, Category: 社会生活, Time: 2024-05-09 16:48:13.576819+00:00
Quiz accessed: あなたのジャイアン度は？, Category: 自己分析, Time: 2024-05-09 16:48:53.403648+00:00
Quiz accessed: あなたの好きなタイプは？, Category: 恋愛, Time: 2024-05-09 16:48:57.087467+00:00
Quiz accessed: あなたのサイコパス度は？, Category: 社会生活, Time: 2024-05-11 12:19:34.302502+00:00
Quiz accessed: あなたの好きなタイプは？, Category: 恋愛, Time: 2024-05-11 12:19:59.154564+00:00
Quiz accessed: 散歩しているときに見つけたものは？, Category: 対人関係, Time: 2024-05-11 12:20:05.521765+00:00
Quiz accessed: あなたのサイコパス度は？, Category: 社会生活, Time: 2024-05-11 15:34:18.992171+00:00
Quiz accessed: あなたのサイコパス度は？, Category: 社会生活, Time: 2024-05-11 15:34:29.005218+00:00
Quiz accessed: 散歩しているときに見つけたものは？, Category: 対人関係, Time: 2024-05-11 15:35:24.380947+00:00
Quiz accessed: 散歩しているときに見つけたものは？, Category: 対人関係, Time: 2024-05-11 15:50:05.817016+00:00
Quiz accessed: あなたのサイコパス度は？, Category: 社会生活, Time: 2024-05-11 15:50:11.271925+00:00
Quiz accessed: あなたのサイコパス度は？, Category: 社会生活, Time: 2024-05-11 16:07:18.765489+00:00
Quiz accessed: あなたのサイコパス度は？, Category: 社会生活, Time: 2024-05-11 16:07:19.631383+00:00
Quiz accessed: あなたのサイコパス度は？, Category: 社会生活, Time: 2024-05-11 16:09:31.972613+00:00
Quiz accessed: あなたのサイコパス度は？, Category: 社会生活, Time: 2024-05-11 16:11:05.564413+00:00
Quiz accessed: あなたのサイコパス度は？, Category: 社会生活, Time: 2024-05-11 16:11:06.475010+00:00
Quiz accessed: あなたのサイコパス度は？, Category: 社会生活, Time: 2024-05-11 16:11:07.063386+00:00
Quiz accessed: あなたのサイコパス度は？, Category: 社会生活, Time: 2024-05-11 16:11:27.850472+00:00
Quiz accessed: あなたのサイコパス度は？, Category: 社会生活, Time: 2024-05-11 16:11:28.790872+00:00
Quiz accessed: あなたのサイコパス度は？, Category: 社会生活, Time: 2024-05-11 16:29:44.095730+00:00
Quiz accessed: あなたのサイコパス度は？, Category: 社会生活, Time: 2024-05-11 16:29:50.013921+00:00
Quiz accessed: あなたのサイコパス度は？, Category: 社会生活, Time: 2024-05-11 16:37:12.775052+00:00
Quiz accessed: あなたのサイコパス度は？, Category: 社会生活, Time: 2024-05-11 16:37:55.630916+00:00
Quiz accessed: あなたのサイコパス度は？, Category: 社会生活, Time: 2024-05-11 16:40:23.346096+00:00
Quiz accessed: あなたのサイコパス度は？, Category: 社会生活, Time: 2024-05-11 16:41:17.508436+00:00
Quiz accessed: あなたのサイコパス度は？, Category: 社会生活, Time: 2024-05-11 16:42:35.379655+00:00
Quiz accessed: あなたのサイコパス度は？, Category: 社会生活, Time: 2024-05-11 16:42:37.344929+00:00
Quiz accessed: あなたのサイコパス度は？, Category: 社会生活, Time: 2024-05-11 16:43:04.298828+00:00
Quiz accessed: あなたのサイコパス度は？, Category: 社会生活, Time: 2024-05-11 16:45:11.351673+00:00
Quiz accessed: あなたのサイコパス度は？, Category: 社会生活, Time: 2024-05-11 16:48:02.877845+00:00
Quiz accessed: 散歩しているときに見つけたものは？, Category: 対人関係, Time: 2024-05-11 16:49:01.298187+00:00
Quiz accessed: 散歩しているときに見つけたものは？, Category: 対人関係, Time: 2024-05-11 16:49:10.279382+00:00
Quiz accessed: あなたのサイコパス度は？, Category: 社会生活, Time: 2024-05-11 16:49:14.419840+00:00
Quiz accessed: あなたのサイコパス度は？, Category: 社会生活, Time: 2024-05-11 17:01:07.425850+00:00
Quiz accessed: あなたのサイコパス度は？, Category: 社会生活, Time: 2024-05-11 17:04:14.630104+00:00
Quiz accessed: 散歩しているときに見つけたものは？, Category: 対人関係, Time: 2024-05-11 17:04:18.584431+00:00
Quiz accessed: あなたのサイコパス度は？, Category: 社会生活, Time: 2024-05-11 17:18:34.890579+00:00
Quiz accessed: あなたのサイコパス度は？, Category: 社会生活, Time: 2024-05-11 17:18:47.826377+00:00
Quiz accessed: 散歩しているときに見つけたものは？, Category: 対人関係, Time: 2024-05-11 17:18:52.691018+00:00
Quiz accessed: あなたのサイコパス度は？, Category: 社会生活, Time: 2024-05-11 17:19:06.460705+00:00
Quiz accessed: あなたのサイコパス度は？, Category: 社会生活, Time: 2024-05-11 17:29:23.241949+00:00
Quiz accessed: どの乗り物を選ぶ？, Category: 自己分析, Time: 2024-05-11 17:31:14.027811+00:00
Quiz accessed: どの乗り物を選ぶ？, Category: 自己分析, Time: 2024-05-11 17:32:21.538580+00:00
Quiz accessed: どの乗り物を選ぶ？, Category: 自己分析, Time: 2024-05-11 17:32:49.639380+00:00
Quiz accessed: あなたのサイコパス度は？, Category: 社会生活, Time: 2024-05-11 17:33:10.062227+00:00
Quiz accessed: あなたのサイコパス度は？, Category: 社会生活, Time: 2024-05-11 17:33:15.044103+00:00
Quiz accessed: どの乗り物を選ぶ？, Category: 自己分析, Time: 2024-05-11 17:33:23.883960+00:00
Quiz accessed: あなたのサイコパス度は？, Category: 社会生活, Time: 2024-05-11 17:34:24.793482+00:00
Quiz accessed: どの乗り物を選ぶ？, Category: 自己分析, Time: 2024-05-11 17:34:31.174189+00:00
Quiz accessed: どんなポーズで寝る？, Category: 自己分析, Time: 2024-05-11 17:39:46.846776+00:00
Quiz accessed: どんな鞄を選ぶ？, Category: 対人関係, Time: 2024-05-11 17:47:23.465478+00:00
Quiz accessed: どの乗り物を選ぶ？, Category: 自己分析, Time: 2024-05-11 17:48:01.812138+00:00
Quiz accessed: どんなポーズで寝る？, Category: 自己分析, Time: 2024-05-11 17:51:26.532861+00:00
Quiz accessed: どんな鞄を選ぶ？ / 承認欲求, Category: 対人関係, Time: 2024-05-11 17:56:23.981265+00:00
Quiz accessed: あなたのサイコパス度 / 面白, Category: 社会生活, Time: 2024-05-11 17:56:39.145182+00:00
Quiz accessed: どの乗り物を選ぶ？ / 性格, Category: 自己分析, Time: 2024-05-11 17:56:58.951689+00:00
Quiz accessed: どんなポーズで寝る？ / 性格, Category: 自己分析, Time: 2024-05-11 17:57:07.791283+00:00
Quiz accessed: どんな鞄を選ぶ？ / 承認欲求, Category: 対人関係, Time: 2024-05-11 18:05:29.848184+00:00
Quiz accessed: あなたの好きなタイプは？, Category: 恋愛, Time: 2024-05-11 18:07:48.583721+00:00
Quiz accessed: どんなポーズで寝る？, Category: 自己分析, Time: 2024-05-11 18:09:33.246089+00:00
Quiz accessed: どんなポーズで寝る？, Category: 自己分析, Time: 2024-05-11 18:10:42.243473+00:00
Quiz accessed: どんなポーズで寝る？, Category: 自己分析, Time: 2024-05-11 18:10:45.700088+00:00
Quiz accessed: どんなポーズで寝る？, Category: 自己分析, Time: 2024-05-11 18:10:46.341330+00:00
Quiz accessed: どんなポーズで寝る？, Category: 自己分析, Time: 2024-05-11 18:10:58.007675+00:00
Quiz accessed: どんなポーズで寝る？, Category: 自己分析, Time: 2024-05-11 18:11:01.354100+00:00
Quiz accessed: どんなポーズで寝る？, Category: 自己分析, Time: 2024-05-11 18:11:10.708478+00:00
Quiz accessed: どんなポーズで寝る？, Category: 自己分析, Time: 2024-05-11 18:11:11.687418+00:00
Quiz accessed: どんなポーズで寝る？, Category: 自己分析, Time: 2024-05-11 18:14:36.383747+00:00
Quiz accessed: どの乗り物を選ぶ？ / 性格, Category: 自己分析, Time: 2024-05-11 18:14:44.667048+00:00
Quiz accessed: あなたのサイコパス度 / 面白, Category: 社会生活, Time: 2024-05-11 18:14:58.014053+00:00
Quiz accessed: 他人からの印象は？, Category: 対人関係, Time: 2024-05-11 18:16:17.599612+00:00
Quiz accessed: 他人からの印象は？, Category: 対人関係, Time: 2024-05-11 18:16:38.046640+00:00
Quiz accessed: どんなポーズで寝る？, Category: 自己分析, Time: 2024-05-11 18:18:21.930206+00:00
Quiz accessed: どんなポーズで寝る？, Category: 自己分析, Time: 2024-05-11 18:19:09.685433+00:00
Quiz accessed: あなたのサイコパス度は？, Category: 社会生活, Time: 2024-05-11 18:20:27.057645+00:00
Quiz accessed: 他人からの印象は？, Category: 対人関係, Time: 2024-05-11 18:20:42.398148+00:00
Quiz accessed: 他人からの印象は？, Category: 対人関係, Time: 2024-05-11 18:21:09.471876+00:00
Quiz accessed: 他人からの印象は？, Category: 対人関係, Time: 2024-05-11 18:21:37.111014+00:00
Quiz accessed: 他人からの印象は？, Category: 対人関係, Time: 2024-05-11 18:21:39.470481+00:00
Quiz accessed: 他人からの印象は？, Category: 対人関係, Time: 2024-05-11 18:21:40.526620+00:00
Quiz accessed: 他人からの印象は？, Category: 対人関係, Time: 2024-05-11 18:21:45.305676+00:00
Quiz accessed: どんなポーズで寝る？, Category: 自己分析, Time: 2024-05-11 18:22:06.494497+00:00
Quiz accessed: あなたのサイコパス度は？, Category: 社会生活, Time: 2024-05-11 18:22:45.624491+00:00
Quiz accessed: 他人からの印象は？, Category: 対人関係, Time: 2024-05-11 18:22:49.253930+00:00
Quiz accessed: どの乗り物を選ぶ？ / 性格, Category: 自己分析, Time: 2024-05-11 18:22:57.437183+00:00
Quiz accessed: 他人からの印象は？, Category: 対人関係, Time: 2024-05-11 18:24:59.176839+00:00
Quiz accessed: あなたのサイコパス度は？, Category: 社会生活, Time: 2024-05-11 18:25:04.220578+00:00
Quiz accessed: あなたのサイコパス度は？, Category: 社会生活, Time: 2024-05-11 18:26:04.624814+00:00
Quiz accessed: 他人からの印象は？, Category: 対人関係, Time: 2024-05-11 18:26:09.314862+00:00
Quiz accessed: 他人からの印象は？, Category: 対人関係, Time: 2024-05-11 18:26:13.332964+00:00
Quiz accessed: あなたのサイコパス度は？, Category: 社会生活, Time: 2024-05-11 18:26:16.739115+00:00
Quiz accessed: あなたはどんな人？, Category: 自己分析, Time: 2024-05-11 18:26:24.509756+00:00
Quiz accessed: あなたはどんな人？, Category: 自己分析, Time: 2024-05-11 18:26:52.288189+00:00
Quiz accessed: あなたの好きなタイプは？, Category: 恋愛, Time: 2024-05-11 18:26:56.098221+00:00
Quiz accessed: あなたはどんな性格？, Category: 自己分析, Time: 2024-05-11 18:27:01.012801+00:00
Quiz accessed: あなたはどんな性格？, Category: 自己分析, Time: 2024-05-11 18:27:54.904140+00:00
Quiz accessed: 恋愛に求めるものは？, Category: 恋愛, Time: 2024-05-11 18:35:38.351307+00:00
Quiz accessed: 人間関係のバランスは？, Category: 対人関係, Time: 2024-05-11 18:41:43.840840+00:00
Quiz accessed: 人間関係のバランスは？, Category: 対人関係, Time: 2024-05-11 18:43:02.277773+00:00
Quiz accessed: 人間関係のバランスは？, Category: 対人関係, Time: 2024-05-11 18:43:53.549126+00:00
Quiz accessed: あなたの恋愛タイプは？, Category: 恋愛, Time: 2024-05-11 18:51:25.426163+00:00
Quiz accessed: 恋愛に求めるものは？, Category: 恋愛, Time: 2024-05-11 18:51:38.486291+00:00
Quiz accessed: あなたはどんな性格？, Category: 自己分析, Time: 2024-05-11 18:51:46.527430+00:00
Quiz accessed: あなたはどんな人？, Category: 自己分析, Time: 2024-05-11 18:51:52.882333+00:00
Quiz accessed: あなたのサイコパス度は？, Category: 社会生活, Time: 2024-05-11 18:52:00.939808+00:00
Quiz accessed: 他人からの印象は？, Category: 対人関係, Time: 2024-05-11 18:52:07.131567+00:00
Quiz accessed: 人間関係のバランスは？, Category: 対人関係, Time: 2024-05-11 18:52:24.856065+00:00
Quiz accessed: あなたの恋愛タイプは？, Category: 恋愛, Time: 2024-05-11 18:52:32.684799+00:00
Quiz accessed: あなたの騙されやすさは？, Category: 社会生活, Time: 2024-05-11 18:59:19.527003+00:00
Quiz accessed: あなたはどんな性格？, Category: 自己分析, Time: 2024-05-11 21:26:52.435408+00:00
Quiz accessed: 恋愛に求めるものは？, Category: 恋愛, Time: 2024-05-11 21:26:56.553657+00:00
Quiz accessed: あなたはどんな人？, Category: 自己分析, Time: 2024-05-11 21:27:02.767150+00:00
Quiz accessed: あなたのサイコパス度は？, Category: 社会生活, Time: 2024-05-11 21:27:06.270153+00:00
Quiz accessed: あなたの騙されやすさは？, Category: 社会生活, Time: 2024-05-11 21:27:10.474658+00:00
Quiz accessed: あなたの恋愛タイプは？, Category: 恋愛, Time: 2024-05-11 21:27:13.582229+00:00
Quiz accessed: 他人からの印象は？, Category: 対人関係, Time: 2024-05-11 21:27:17.121377+00:00
Quiz accessed: あなたの騙されやすさは？, Category: 社会生活, Time: 2024-05-11 21:29:20.585963+00:00
Quiz accessed: あなたの恋愛タイプは？, Category: 恋愛, Time: 2024-05-11 21:29:24.130240+00:00
Quiz accessed: 人間関係のバランスは？, Category: 対人関係, Time: 2024-05-11 21:29:29.239395+00:00
Quiz accessed: 他人からの印象は？, Category: 対人関係, Time: 2024-05-11 21:29:32.874145+00:00
Quiz accessed: あなたはどんな人？, Category: 自己分析, Time: 2024-05-11 21:29:35.819122+00:00
Quiz accessed: 恋愛に求めるものは？, Category: 恋愛, Time: 2024-05-11 21:29:38.650810+00:00
Quiz accessed: あなたの騙されやすさは？, Category: 社会生活, Time: 2024-05-11 23:24:02.929853+00:00
Quiz accessed: あなたの騙されやすさは？, Category: 社会生活, Time: 2024-05-11 23:25:35.616638+00:00
Quiz accessed: あなたの騙されやすさは？, Category: 社会生活, Time: 2024-05-11 23:41:44.018838+00:00
Quiz accessed: あなたの騙されやすさは？, Category: 社会生活, Time: 2024-05-11 23:50:50.656193+00:00
Quiz accessed: あなたのサイコパス度は？, Category: 社会生活, Time: 2024-05-11 23:51:08.898846+00:00
Quiz accessed: あなたのサイコパス度は？, Category: 社会生活, Time: 2024-05-11 23:52:48.090585+00:00
Quiz accessed: あなたのサイコパス度は？, Category: 社会生活, Time: 2024-05-11 23:52:53.872727+00:00
Quiz accessed: あなたのサイコパス度は？, Category: 社会生活, Time: 2024-05-11 23:55:25.625430+00:00
Quiz accessed: あなたのサイコパス度は？, Category: 社会生活, Time: 2024-05-12 00:03:01.060345+00:00
Quiz accessed: あなたはどんな人？, Category: 自己分析, Time: 2024-05-12 00:20:12.710567+00:00
Quiz accessed: あなたのサイコパス度は？, Category: 社会生活, Time: 2024-05-12 00:22:47.313962+00:00
Quiz accessed: あなたのサイコパス度は？, Category: 社会生活, Time: 2024-05-13 12:18:54.190137+00:00
Quiz accessed: あなたのサイコパス度は？, Category: 社会生活, Time: 2024-05-13 12:20:33.865606+00:00
Quiz accessed: あなたのサイコパス度は？, Category: 社会生活, Time: 2024-05-13 12:24:15.152488+00:00
Quiz accessed: あなたのサイコパス度は？, Category: 社会生活, Time: 2024-05-13 12:36:14.058686+00:00
Quiz accessed: あなたのサイコパス度は？, Category: 社会生活, Time: 2024-05-13 12:37:26.440435+00:00
Quiz accessed: あなたのサイコパス度は？, Category: 社会生活, Time: 2024-05-14 12:25:55.205900+00:00
Quiz accessed: あなたのサイコパス度は？, Category: 社会生活, Time: 2024-05-14 12:26:48.213766+00:00
Quiz accessed: 他人からの印象は？, Category: 対人関係, Time: 2024-05-14 14:34:30.527829+00:00
Quiz accessed: 他人からの印象は？, Category: 対人関係, Time: 2024-05-15 14:01:20.608014+00:00
Quiz accessed: あなたのサイコパス度は？, Category: 社会生活, Time: 2024-05-15 14:01:59.539580+00:00
Quiz accessed: あなたのサイコパス度は？, Category: 社会生活, Time: 2024-05-15 14:03:09.419545+00:00
Quiz accessed: あなたのサイコパス度は？, Category: 社会生活, Time: 2024-05-15 14:03:30.368538+00:00
Quiz accessed: 他人からの印象は？, Category: 対人関係, Time: 2024-05-15 14:04:09.639365+00:00
Quiz accessed: あなたのサイコパス度は？, Category: 社会生活, Time: 2024-05-15 14:04:16.114483+00:00
Quiz accessed: あなたのサイコパス度は？, Category: 社会生活, Time: 2024-05-15 14:04:38.834604+00:00
Quiz accessed: あなたのサイコパス度は？, Category: 社会生活, Time: 2024-05-15 14:05:55.291355+00:00
Quiz accessed: あなたのサイコパス度は？, Category: 社会生活, Time: 2024-05-15 14:07:05.055345+00:00
Quiz accessed: あなたのサイコパス度は？, Category: 社会生活, Time: 2024-05-15 14:07:32.049158+00:00
Quiz accessed: あなたのサイコパス度は？, Category: 社会生活, Time: 2024-05-15 14:08:11.304764+00:00
Quiz accessed: あなたのサイコパス度は？, Category: 社会生活, Time: 2024-05-15 14:26:05.646105+00:00
Quiz accessed: あなたのサイコパス度は？, Category: 社会生活, Time: 2024-05-15 14:28:49.749547+00:00
Quiz accessed: あなたのサイコパス度は？, Category: 社会生活, Time: 2024-05-15 14:30:53.409233+00:00
Quiz accessed: あなたのサイコパス度は？, Category: 社会生活, Time: 2024-05-15 14:32:11.702695+00:00
Quiz accessed: あなたのサイコパス度は？, Category: 社会生活, Time: 2024-05-15 14:33:59.240262+00:00
Quiz accessed: あなたのサイコパス度は？, Category: 社会生活, Time: 2024-05-15 14:35:56.996716+00:00
Quiz accessed: あなたのサイコパス度は？, Category: 社会生活, Time: 2024-05-15 14:38:31.679538+00:00
Quiz accessed: あなたのサイコパス度は？, Category: 社会生活, Time: 2024-05-15 14:39:12.147640+00:00
Quiz accessed: あなたはどんな性格？, Category: 自己分析, Time: 2024-05-15 14:41:11.995959+00:00
Quiz accessed: 恋愛に求めるものは？, Category: 恋愛, Time: 2024-05-15 14:41:20.384529+00:00
Quiz accessed: あなたのサイコパス度は？, Category: 社会生活, Time: 2024-05-15 15:38:05.110609+00:00
